{
"/Applications/XAMPP/xamppfiles/htdocs/generator-svg-smart/generators/app/index.js":{"path":"/Applications/XAMPP/xamppfiles/htdocs/generator-svg-smart/generators/app/index.js","s":{"1":1,"2":1,"3":1,"4":1,"5":1,"6":1,"7":1,"8":1,"9":1,"10":1,"11":1,"12":1},"b":{},"f":{"1":1,"2":1,"3":1,"4":1},"fnMap":{"1":{"name":"(anonymous_1)","line":8,"loc":{"start":{"line":8,"column":13},"end":{"line":8,"column":25}}},"2":{"name":"(anonymous_2)","line":23,"loc":{"start":{"line":23,"column":25},"end":{"line":23,"column":42}}},"3":{"name":"(anonymous_3)","line":31,"loc":{"start":{"line":31,"column":11},"end":{"line":31,"column":23}}},"4":{"name":"(anonymous_4)","line":38,"loc":{"start":{"line":38,"column":11},"end":{"line":38,"column":23}}}},"statementMap":{"1":{"start":{"line":2,"column":0},"end":{"line":2,"column":41}},"2":{"start":{"line":3,"column":0},"end":{"line":3,"column":29}},"3":{"start":{"line":4,"column":0},"end":{"line":4,"column":29}},"4":{"start":{"line":6,"column":0},"end":{"line":41,"column":3}},"5":{"start":{"line":9,"column":4},"end":{"line":9,"column":28}},"6":{"start":{"line":12,"column":4},"end":{"line":14,"column":7}},"7":{"start":{"line":16,"column":4},"end":{"line":21,"column":7}},"8":{"start":{"line":23,"column":4},"end":{"line":28,"column":18}},"9":{"start":{"line":24,"column":6},"end":{"line":24,"column":25}},"10":{"start":{"line":27,"column":6},"end":{"line":27,"column":13}},"11":{"start":{"line":32,"column":4},"end":{"line":35,"column":6}},"12":{"start":{"line":39,"column":4},"end":{"line":39,"column":31}}},"branchMap":{},"l":{"2":1,"3":1,"4":1,"6":1,"9":1,"12":1,"16":1,"23":1,"24":1,"27":1,"32":1,"39":1}}}
